Build started 28/11/2013 17:46:14.
     1>Project "C:\InstallCell\of_v0.8.0_vs_release\apps\Cell\cell_server\Cell_Server.vcxproj" on node 2 (Build target(s)).
     1>Link:
         Cell_Server.vcxproj -> C:\InstallCell\of_v0.8.0_vs_release\apps\Cell\cell_server\bin\Cell_Server.exe
       PostBuildEvent:
         xcopy /e /i /y "C:\InstallCell\of_v0.8.0_vs_release\apps\Cell\cell_server\..\..\..\export\vs\*.dll" "C:\InstallCell\of_v0.8.0_vs_release\apps\Cell\cell_server\bin"
         :VCEnd
         C:\InstallCell\of_v0.8.0_vs_release\apps\Cell\cell_server\..\..\..\export\vs\Assimp32.dll
         C:\InstallCell\of_v0.8.0_vs_release\apps\Cell\cell_server\..\..\..\export\vs\fmodex.dll
         C:\InstallCell\of_v0.8.0_vs_release\apps\Cell\cell_server\..\..\..\export\vs\fmodexL.dll
         C:\InstallCell\of_v0.8.0_vs_release\apps\Cell\cell_server\..\..\..\export\vs\FreeImage.dll
         C:\InstallCell\of_v0.8.0_vs_release\apps\Cell\cell_server\..\..\..\export\vs\FreeType-6.dll
         C:\InstallCell\of_v0.8.0_vs_release\apps\Cell\cell_server\..\..\..\export\vs\glut32.dll
         C:\InstallCell\of_v0.8.0_vs_release\apps\Cell\cell_server\..\..\..\export\vs\libeay32.dll
         C:\InstallCell\of_v0.8.0_vs_release\apps\Cell\cell_server\..\..\..\export\vs\ssleay32.dll
         C:\InstallCell\of_v0.8.0_vs_release\apps\Cell\cell_server\..\..\..\export\vs\Zlib.dll
         9 File(s) copied
     1>Done Building Project "C:\InstallCell\of_v0.8.0_vs_release\apps\Cell\cell_server\Cell_Server.vcxproj" (Build target(s)).

Build succeeded.

Time Elapsed 00:00:00.11
